Compiling the C compiler identification source file "CMakeCCompilerId.c" failed.
Compiler:  
Build flags: 
Id flags:  

The output was:
1
Microsoft (R) Build Engine version 16.9.0+57a23d249 for .NET Framework
Copyright (C) Microsoft Corporation. All rights reserved.

Build started 2021/11/12 23:52:36.
Project "C:\Users\liuru\Dropbox\MyWebsite\CTLAB\build\CMakeFiles\3.22.0-rc2\CompilerIdC\CompilerIdC.vcxproj" on node 1 (default targets).
PrepareForBuild:
  Creating directory "Debug\".
  Creating directory "Debug\CompilerIdC.tlog\".
InitializeBuildStatus:
  Creating "Debug\CompilerIdC.tlog\unsuccessfulbuild" because "AlwaysCreate" was specified.
ClCompile:
  C:\Program Files (x86)\Microsoft Visual Studio\2019\Community\VC\Tools\MSVC\14.28.29910\bin\HostX86\x64\CL.exe /c /nologo /W0 /WX- /diagnostics:column /Od /D _MBCS /Gm- /EHsc /RTC1 /MDd /GS /fp:precise /Zc:wchar_t /Zc:forScope /Zc:inline /Fo"Debug\\" /Fd"Debug\vc142.pdb" /Gd /TC /FC /errorReport:queue CMakeCCompilerId.c
  CMakeCCompilerId.c
Link:
  C:\Program Files (x86)\Microsoft Visual Studio\2019\Community\VC\Tools\MSVC\14.28.29910\bin\HostX86\x64\link.exe /ERRORREPORT:QUEUE /OUT:".\CompilerIdC.exe" /INCREMENTAL:NO /NOLOGO kernel32.lib user32.lib gdi32.lib winspool.lib comdlg32.lib advapi32.lib shell32.lib ole32.lib oleaut32.lib uuid.lib odbc32.lib odbccp32.lib /MANIFEST /MANIFESTUAC:"level='asInvoker' uiAccess='false'" /manifest:embed /PDB:".\CompilerIdC.pdb" /SUBSYSTEM:CONSOLE /TLBID:1 /DYNAMICBASE /NXCOMPAT /IMPLIB:".\CompilerIdC.lib" /MACHINE:X64 Debug\CMakeCCompilerId.obj
C:\Program Files (x86)\Microsoft Visual Studio\2019\Community\MSBuild\Microsoft\VC\v160\Microsoft.CppCommon.targets(997,5): error MSB6003: The specified task executable "link.exe" could not be run. System.IO.IOException: The process cannot access the file 'Debug\CompilerIdC.tlog\link-rc.write.1.tlog' because it is being used by another process. [C:\Users\liuru\Dropbox\MyWebsite\CTLAB\build\CMakeFiles\3.22.0-rc2\CompilerIdC\CompilerIdC.vcxproj]
C:\Program Files (x86)\Microsoft Visual Studio\2019\Community\MSBuild\Microsoft\VC\v160\Microsoft.CppCommon.targets(997,5): error MSB6003:    at System.IO.__Error.WinIOError(Int32 errorCode, String maybeFullPath) [C:\Users\liuru\Dropbox\MyWebsite\CTLAB\build\CMakeFiles\3.22.0-rc2\CompilerIdC\CompilerIdC.vcxproj]
C:\Program Files (x86)\Microsoft Visual Studio\2019\Community\MSBuild\Microsoft\VC\v160\Microsoft.CppCommon.targets(997,5): error MSB6003:    at System.IO.FileInfo.Delete() [C:\Users\liuru\Dropbox\MyWebsite\CTLAB\build\CMakeFiles\3.22.0-rc2\CompilerIdC\CompilerIdC.vcxproj]
C:\Program Files (x86)\Microsoft Visual Studio\2019\Community\MSBuild\Microsoft\VC\v160\Microsoft.CppCommon.targets(997,5): error MSB6003:    at Microsoft.Build.CPPTasks.TrackedVCToolTask.DeleteEmptyFile(ITaskItem[] filesToDelete) [C:\Users\liuru\Dropbox\MyWebsite\CTLAB\build\CMakeFiles\3.22.0-rc2\CompilerIdC\CompilerIdC.vcxproj]
C:\Program Files (x86)\Microsoft Visual Studio\2019\Community\MSBuild\Microsoft\VC\v160\Microsoft.CppCommon.targets(997,5): error MSB6003:    at Microsoft.Build.CPPTasks.TrackedVCToolTask.PostExecuteTool(Int32 exitCode) [C:\Users\liuru\Dropbox\MyWebsite\CTLAB\build\CMakeFiles\3.22.0-rc2\CompilerIdC\CompilerIdC.vcxproj]
C:\Program Files (x86)\Microsoft Visual Studio\2019\Community\MSBuild\Microsoft\VC\v160\Microsoft.CppCommon.targets(997,5): error MSB6003:    at Microsoft.Build.CPPTasks.TrackedVCToolTask.ExecuteTool(String pathToTool, String responseFileCommands, String commandLineCommands) [C:\Users\liuru\Dropbox\MyWebsite\CTLAB\build\CMakeFiles\3.22.0-rc2\CompilerIdC\CompilerIdC.vcxproj]
C:\Program Files (x86)\Microsoft Visual Studio\2019\Community\MSBuild\Microsoft\VC\v160\Microsoft.CppCommon.targets(997,5): error MSB6003:    at Microsoft.Build.Utilities.ToolTask.Execute() [C:\Users\liuru\Dropbox\MyWebsite\CTLAB\build\CMakeFiles\3.22.0-rc2\CompilerIdC\CompilerIdC.vcxproj]
Done Building Project "C:\Users\liuru\Dropbox\MyWebsite\CTLAB\build\CMakeFiles\3.22.0-rc2\CompilerIdC\CompilerIdC.vcxproj" (default targets) -- FAILED.

Build FAILED.

"C:\Users\liuru\Dropbox\MyWebsite\CTLAB\build\CMakeFiles\3.22.0-rc2\CompilerIdC\CompilerIdC.vcxproj" (default target) (1) ->
(Link target) -> 
  C:\Program Files (x86)\Microsoft Visual Studio\2019\Community\MSBuild\Microsoft\VC\v160\Microsoft.CppCommon.targets(997,5): error MSB6003: The specified task executable "link.exe" could not be run. System.IO.IOException: The process cannot access the file 'Debug\CompilerIdC.tlog\link-rc.write.1.tlog' because it is being used by another process. [C:\Users\liuru\Dropbox\MyWebsite\CTLAB\build\CMakeFiles\3.22.0-rc2\CompilerIdC\CompilerIdC.vcxproj]
C:\Program Files (x86)\Microsoft Visual Studio\2019\Community\MSBuild\Microsoft\VC\v160\Microsoft.CppCommon.targets(997,5): error MSB6003:    at System.IO.__Error.WinIOError(Int32 errorCode, String maybeFullPath) [C:\Users\liuru\Dropbox\MyWebsite\CTLAB\build\CMakeFiles\3.22.0-rc2\CompilerIdC\CompilerIdC.vcxproj]
C:\Program Files (x86)\Microsoft Visual Studio\2019\Community\MSBuild\Microsoft\VC\v160\Microsoft.CppCommon.targets(997,5): error MSB6003:    at System.IO.FileInfo.Delete() [C:\Users\liuru\Dropbox\MyWebsite\CTLAB\build\CMakeFiles\3.22.0-rc2\CompilerIdC\CompilerIdC.vcxproj]
C:\Program Files (x86)\Microsoft Visual Studio\2019\Community\MSBuild\Microsoft\VC\v160\Microsoft.CppCommon.targets(997,5): error MSB6003:    at Microsoft.Build.CPPTasks.TrackedVCToolTask.DeleteEmptyFile(ITaskItem[] filesToDelete) [C:\Users\liuru\Dropbox\MyWebsite\CTLAB\build\CMakeFiles\3.22.0-rc2\CompilerIdC\CompilerIdC.vcxproj]
C:\Program Files (x86)\Microsoft Visual Studio\2019\Community\MSBuild\Microsoft\VC\v160\Microsoft.CppCommon.targets(997,5): error MSB6003:    at Microsoft.Build.CPPTasks.TrackedVCToolTask.PostExecuteTool(Int32 exitCode) [C:\Users\liuru\Dropbox\MyWebsite\CTLAB\build\CMakeFiles\3.22.0-rc2\CompilerIdC\CompilerIdC.vcxproj]
C:\Program Files (x86)\Microsoft Visual Studio\2019\Community\MSBuild\Microsoft\VC\v160\Microsoft.CppCommon.targets(997,5): error MSB6003:    at Microsoft.Build.CPPTasks.TrackedVCToolTask.ExecuteTool(String pathToTool, String responseFileCommands, String commandLineCommands) [C:\Users\liuru\Dropbox\MyWebsite\CTLAB\build\CMakeFiles\3.22.0-rc2\CompilerIdC\CompilerIdC.vcxproj]
C:\Program Files (x86)\Microsoft Visual Studio\2019\Community\MSBuild\Microsoft\VC\v160\Microsoft.CppCommon.targets(997,5): error MSB6003:    at Microsoft.Build.Utilities.ToolTask.Execute() [C:\Users\liuru\Dropbox\MyWebsite\CTLAB\build\CMakeFiles\3.22.0-rc2\CompilerIdC\CompilerIdC.vcxproj]

    0 Warning(s)
    1 Error(s)

Time Elapsed 00:00:00.74


